{"name": "Find pets by multiple status", "status": "failed", "statusDetails": {"message": "AssertionError: Unexpected status code! Expected: 200. Actual: 400", "trace": "self = <tests.test_find_by_status.TestFindByStatus object at 0x1062c59f0>\n\n    @allure.severity(allure.severity_level.NORMAL)\n    @allure.title(\"Find pets by multiple status\")\n    def test_find_pets_by_multiple_statuses(self):\n        pet1 = self.create_pet()\n        pet_id1 = self.get_json_value(pet1, \"id\")\n        pet_status1 = self.get_json_value(pet1, \"status\")\n    \n        pet_data2 = {\n            \"id\": random.randint(1, 1000),\n            \"name\": self.fake.first_name(),\n            \"photoUrls\": [\"string\"],\n            \"status\": \"pending\"\n        }\n        pet2 = MyRequests.post(\"/pet/\", pet_data2)\n        pet_id2 = self.get_json_value(pet2, \"id\")\n        pet_status2 = self.get_json_value(pet2, \"status\")\n    \n        response = MyRequests.get(\n            f\"/pet/findByStatus?status={pet_status1},{pet_status2}\")\n    \n>       Assertions.assert_code_status(response, 200)\n\ntests/test_find_by_status.py:48: \n_ _ _ _ _ _ _ _ _ _ _ _ _ _ _ _ _ _ _ _ _ _ _ _ _ _ _ _ _ _ _ _ _ _ _ _ _ _ _ _ _ _ _ _ _ _ _ _ _ _ _ _ _ _ _ _ _ _ _ _ _ _ _ _ _ _ _ _ _ _ _ _ _ _ _ _ _ _ _ _ _ _ _ _ _ _ _ _ _ _ _ _ _ _ _ _ _ _ _ _ _ _ _ _ _ _ _ _ _ _ _ _ _ _ _ _ _ _ _ _ _ _ _ _ _ _ _ _ _ _ _ _ _ _ _ _ _ _ _ _ _ _ _ _ _ _ _ _ _ _ _ _ \n\nresponse = <Response [400]>, expected_status_code = 200\n\n    @staticmethod\n    @allure.step(\"Check status code is {expected_status_code}\")\n    def assert_code_status(response: Response, expected_status_code):\n>       assert response.status_code == expected_status_code, \\\n            f\"Unexpected status code! Expected: {expected_status_code}. Actual: {response.status_code}\"\nE       AssertionError: Unexpected status code! Expected: 200. Actual: 400\n\nlib/assertions.py:30: AssertionError"}, "steps": [{"name": "Create pet", "status": "passed", "steps": [{"name": "Prepare pet creation data", "status": "passed", "start": 1744657923161, "stop": 1744657923161}, {"name": "POST request to URL '/pet/'", "status": "passed", "start": 1744657923161, "stop": 1744657923167}], "start": 1744657923161, "stop": 1744657923167}, {"name": "POST request to URL '/pet/'", "status": "passed", "start": 1744657923167, "stop": 1744657923172}, {"name": "GET request to URL '/pet/findByStatus?status=available,pending'", "status": "passed", "start": 1744657923172, "stop": 1744657923180}, {"name": "Check status code is 200", "status": "failed", "statusDetails": {"message": "AssertionError: Unexpected status code! Expected: 200. Actual: 400\n", "trace": "  File \"/Users/miowch/.pyenv/versions/n26_nastia_kuzina/lib/python3.10/site-packages/allure_commons/_allure.py\", line 202, in impl\n    return func(*a, **kw)\n  File \"/Users/miowch/Documents/GitHub/nastia-kuzina/Task3/api-e2e-tests/lib/assertions.py\", line 30, in assert_code_status\n    assert response.status_code == expected_status_code, \\\n"}, "parameters": [{"name": "response", "value": "<Response [400]>"}, {"name": "expected_status_code", "value": "200"}], "start": 1744657923180, "stop": 1744657923180}], "start": 1744657923161, "stop": 1744657923180, "uuid": "53297cec-4a74-4b35-ba14-de7a3cbc18f4", "historyId": "648c67a3f838d685c002ed2c99d06a10", "testCaseId": "648c67a3f838d685c002ed2c99d06a10", "fullName": "tests.test_find_by_status.TestFindByStatus#test_find_pets_by_multiple_statuses", "labels": [{"name": "severity", "value": "normal"}, {"name": "parentSuite", "value": "tests"}, {"name": "suite", "value": "test_find_by_status"}, {"name": "subSuite", "value": "TestFindByStatus"}, {"name": "host", "value": "iMac.local"}, {"name": "thread", "value": "58784-MainThread"}, {"name": "framework", "value": "pytest"}, {"name": "language", "value": "cpython3"}, {"name": "package", "value": "tests.test_find_by_status"}]}