{"name": "Try to create pet with invalid name", "status": "failed", "statusDetails": {"message": "AssertionError: Unexpected status code! Expected: 405. Actual: 200", "trace": "self = <tests_project.tests.test_add_pet.TestAddPet object at 0x7f8321dc6990>\ninvalid_name = True\n\n    @allure.severity(allure.severity_level.NORMAL)\n    @allure.title(\"Try to create pet with invalid name\")\n    @pytest.mark.parametrize(\"invalid_name\", invalid_names)\n    def test_add_pet_with_invalid_name(self, invalid_name):\n        data = {\n            \"id\": random.randint(1, 1000),\n            \"name\": invalid_name,\n            \"photoUrls\": [\"string\"]\n        }\n    \n        response = MyRequests.post(\n            \"/pet/\",\n            data)\n    \n>       Assertions.assert_code_status(response, 405)\n\ntests/test_add_pet.py:179: \n_ _ _ _ _ _ _ _ _ _ _ _ _ _ _ _ _ _ _ _ _ _ _ _ _ _ _ _ _ _ _ _ _ _ _ _ _ _ _ _ \n\nresponse = <Response [200]>, expected_status_code = 405\n\n    @staticmethod\n    @allure.step(\"Check status code is {expected_status_code}\")\n    def assert_code_status(response: Response, expected_status_code):\n>       assert response.status_code == expected_status_code, \\\n            f\"Unexpected status code! Expected: {expected_status_code}. Actual: {response.status_code}\"\nE       AssertionError: Unexpected status code! Expected: 405. Actual: 200\n\nlib/assertions.py:30: AssertionError"}, "steps": [{"name": "POST request to URL '/pet/'", "status": "passed", "start": 1744662020615, "stop": 1744662020623}, {"name": "Check status code is 405", "status": "failed", "statusDetails": {"message": "AssertionError: Unexpected status code! Expected: 405. Actual: 200\n", "trace": "  File \"/usr/local/lib/python3.13/site-packages/allure_commons/_allure.py\", line 202, in impl\n    return func(*a, **kw)\n  File \"/tests_project/lib/assertions.py\", line 30, in assert_code_status\n    assert response.status_code == expected_status_code, \\\n           ^^^^^^^^^^^^^^^^^^^^^^^^^^^^^^^^^^^^^^^^^^^^\n"}, "parameters": [{"name": "response", "value": "<Response [200]>"}, {"name": "expected_status_code", "value": "405"}], "start": 1744662020623, "stop": 1744662020623}], "parameters": [{"name": "invalid_name", "value": "True"}], "start": 1744662020615, "stop": 1744662020624, "uuid": "5fb9f360-1a38-46c1-a9d7-9cb1e6c5f488", "historyId": "b05348de350dc34318eb3016157593bb", "testCaseId": "88aafbdb293d80a840a6c2e7dc6b6387", "fullName": "tests.test_add_pet.TestAddPet#test_add_pet_with_invalid_name", "labels": [{"name": "severity", "value": "normal"}, {"name": "parentSuite", "value": "tests"}, {"name": "suite", "value": "test_add_pet"}, {"name": "subSuite", "value": "TestAddPet"}, {"name": "host", "value": "4c2631702ffc"}, {"name": "thread", "value": "7-MainThread"}, {"name": "framework", "value": "pytest"}, {"name": "language", "value": "cpython3"}, {"name": "package", "value": "tests.test_add_pet"}]}