{"name": "Find pets by multiple tag", "status": "failed", "statusDetails": {"message": "AssertionError: Unexpected status code! Expected: 200. Actual: 500", "trace": "self = <tests_project.tests.test_find_by_tag.TestFindByTag object at 0x7f8321bd51d0>\n\n    @allure.severity(allure.severity_level.MINOR)\n    @allure.title(\"Find pets by multiple tag\")\n    def test_find_pets_by_multiple_tags(self):\n        pet1 = self.create_pet()\n        pet_id1 = self.get_json_value(pet1, \"id\")\n        pet_tag1 = self.get_json_value(pet1, \"tags\")\n    \n        pet_data2 = {\n            \"id\": random.randint(1, 1000),\n            \"name\": self.fake.first_name(),\n            \"photoUrls\": [\"string\"],\n            \"tags\": [{\"id\": 1, \"name\": \"tag1\"}]\n        }\n        pet2 = MyRequests.post(\"/pet/\", pet_data2)\n        pet_id2 = self.get_json_value(pet2, \"id\")\n        pet_tag2 = self.get_json_value(pet2, \"tags\")\n    \n        response = MyRequests.get(\n            f\"/pet/findByTags?tags={pet_tag1[0]},{pet_tag2[0]}\")\n    \n>       Assertions.assert_code_status(response, 200)\n\ntests/test_find_by_tag.py:48: \n_ _ _ _ _ _ _ _ _ _ _ _ _ _ _ _ _ _ _ _ _ _ _ _ _ _ _ _ _ _ _ _ _ _ _ _ _ _ _ _ \n\nresponse = <Response [500]>, expected_status_code = 200\n\n    @staticmethod\n    @allure.step(\"Check status code is {expected_status_code}\")\n    def assert_code_status(response: Response, expected_status_code):\n>       assert response.status_code == expected_status_code, \\\n            f\"Unexpected status code! Expected: {expected_status_code}. Actual: {response.status_code}\"\nE       AssertionError: Unexpected status code! Expected: 200. Actual: 500\n\nlib/assertions.py:30: AssertionError"}, "steps": [{"name": "Create pet", "status": "passed", "steps": [{"name": "Prepare pet creation data", "status": "passed", "start": 1744662020914, "stop": 1744662020914}, {"name": "POST request to URL '/pet/'", "status": "passed", "start": 1744662020914, "stop": 1744662020922}], "start": 1744662020914, "stop": 1744662020922}, {"name": "POST request to URL '/pet/'", "status": "passed", "start": 1744662020923, "stop": 1744662020930}, {"name": "GET request to URL '/pet/findByTags?tags=name,name'", "status": "passed", "start": 1744662020930, "stop": 1744662020939}, {"name": "Check status code is 200", "status": "failed", "statusDetails": {"message": "AssertionError: Unexpected status code! Expected: 200. Actual: 500\n", "trace": "  File \"/usr/local/lib/python3.13/site-packages/allure_commons/_allure.py\", line 202, in impl\n    return func(*a, **kw)\n  File \"/tests_project/lib/assertions.py\", line 30, in assert_code_status\n    assert response.status_code == expected_status_code, \\\n           ^^^^^^^^^^^^^^^^^^^^^^^^^^^^^^^^^^^^^^^^^^^^\n"}, "parameters": [{"name": "response", "value": "<Response [500]>"}, {"name": "expected_status_code", "value": "200"}], "start": 1744662020939, "stop": 1744662020939}], "start": 1744662020914, "stop": 1744662020940, "uuid": "9153e4af-50af-43c6-80c5-54b795958a1a", "historyId": "a4880ada746006886bf620a2dc5f9933", "testCaseId": "a4880ada746006886bf620a2dc5f9933", "fullName": "tests.test_find_by_tag.TestFindByTag#test_find_pets_by_multiple_tags", "labels": [{"name": "severity", "value": "minor"}, {"name": "parentSuite", "value": "tests"}, {"name": "suite", "value": "test_find_by_tag"}, {"name": "subSuite", "value": "TestFindByTag"}, {"name": "host", "value": "4c2631702ffc"}, {"name": "thread", "value": "7-MainThread"}, {"name": "framework", "value": "pytest"}, {"name": "language", "value": "cpython3"}, {"name": "package", "value": "tests.test_find_by_tag"}]}