{"name": "Create pet with only required fields, name and photoUrl", "status": "failed", "statusDetails": {"message": "AssertionError: Unexpected status code! Expected: 200. Actual: 500", "trace": "self = <tests.test_add_pet.TestAddPet object at 0x1062317b0>\n\n    @allure.severity(allure.severity_level.BLOCKER)\n    @allure.title(\"Create pet with only required fields, name and photoUrl\")\n    def test_add_pet_with_only_required_fields(self):\n        failed_assertions = []\n        data = {\n            \"name\": self.fake.first_name(),\n            \"photoUrls\": [\"string\"]\n        }\n    \n        response = MyRequests.post(\n            \"/pet/\",\n            data)\n    \n>       Assertions.assert_code_status(response, 200)\n\ntests/test_add_pet.py:23: \n_ _ _ _ _ _ _ _ _ _ _ _ _ _ _ _ _ _ _ _ _ _ _ _ _ _ _ _ _ _ _ _ _ _ _ _ _ _ _ _ _ _ _ _ _ _ _ _ _ _ _ _ _ _ _ _ _ _ _ _ _ _ _ _ _ _ _ _ _ _ _ _ _ _ _ _ _ _ _ _ _ _ _ _ _ _ _ _ _ _ _ _ _ _ _ _ _ _ _ _ _ _ _ _ _ _ _ _ _ _ _ _ _ _ _ _ _ _ _ _ _ _ _ _ _ _ _ _ _ _ _ _ _ _ _ _ _ _ _ _ _ _ _ _ _ _ _ _ _ _ _ _ \n\nresponse = <Response [500]>, expected_status_code = 200\n\n    @staticmethod\n    @allure.step(\"Check status code is {expected_status_code}\")\n    def assert_code_status(response: Response, expected_status_code):\n>       assert response.status_code == expected_status_code, \\\n            f\"Unexpected status code! Expected: {expected_status_code}. Actual: {response.status_code}\"\nE       AssertionError: Unexpected status code! Expected: 200. Actual: 500\n\nlib/assertions.py:30: AssertionError"}, "steps": [{"name": "POST request to URL '/pet/'", "status": "passed", "start": 1744657922816, "stop": 1744657922840}, {"name": "Check status code is 200", "status": "failed", "statusDetails": {"message": "AssertionError: Unexpected status code! Expected: 200. Actual: 500\n", "trace": "  File \"/Users/miowch/.pyenv/versions/n26_nastia_kuzina/lib/python3.10/site-packages/allure_commons/_allure.py\", line 202, in impl\n    return func(*a, **kw)\n  File \"/Users/miowch/Documents/GitHub/nastia-kuzina/Task3/api-e2e-tests/lib/assertions.py\", line 30, in assert_code_status\n    assert response.status_code == expected_status_code, \\\n"}, "parameters": [{"name": "response", "value": "<Response [500]>"}, {"name": "expected_status_code", "value": "200"}], "start": 1744657922840, "stop": 1744657922840}], "start": 1744657922816, "stop": 1744657922842, "uuid": "fa164b56-8c74-467a-91d0-be859392f513", "historyId": "d072670cc39756ac9062038438583187", "testCaseId": "d072670cc39756ac9062038438583187", "fullName": "tests.test_add_pet.TestAddPet#test_add_pet_with_only_required_fields", "labels": [{"name": "severity", "value": "blocker"}, {"name": "parentSuite", "value": "tests"}, {"name": "suite", "value": "test_add_pet"}, {"name": "subSuite", "value": "TestAddPet"}, {"name": "host", "value": "iMac.local"}, {"name": "thread", "value": "58784-MainThread"}, {"name": "framework", "value": "pytest"}, {"name": "language", "value": "cpython3"}, {"name": "package", "value": "tests.test_add_pet"}]}