{"name": "Try to update pet without required field id", "status": "failed", "statusDetails": {"message": "AssertionError: Unexpected status code! Expected: 400. Actual: 500", "trace": "self = <tests.test_update_pet.TestUpdatePet object at 0x106307fa0>, absent_required_field = 'id'\n\n    @allure.severity(allure.severity_level.CRITICAL)\n    @allure.title(\"Try to update pet without required field {absent_required_field}\")\n    @pytest.mark.parametrize(\"absent_required_field\", absent_required_fields)\n    def test_update_pet_without_required_field(self, absent_required_field):\n        pet = self.create_pet()\n        pet_id = self.get_json_value(pet, \"id\")\n    \n        new_data = {\n            \"id\": pet_id,\n            \"name\": self.fake.first_name(),\n            \"photoUrls\": [\"gewd_boy.png\"]\n        }\n        new_data.pop(absent_required_field)\n    \n        response = MyRequests.put(\n            \"/pet/\",\n            new_data)\n    \n>       Assertions.assert_code_status(response, 400)\n\ntests/test_update_pet.py:85: \n_ _ _ _ _ _ _ _ _ _ _ _ _ _ _ _ _ _ _ _ _ _ _ _ _ _ _ _ _ _ _ _ _ _ _ _ _ _ _ _ _ _ _ _ _ _ _ _ _ _ _ _ _ _ _ _ _ _ _ _ _ _ _ _ _ _ _ _ _ _ _ _ _ _ _ _ _ _ _ _ _ _ _ _ _ _ _ _ _ _ _ _ _ _ _ _ _ _ _ _ _ _ _ _ _ _ _ _ _ _ _ _ _ _ _ _ _ _ _ _ _ _ _ _ _ _ _ _ _ _ _ _ _ _ _ _ _ _ _ _ _ _ _ _ _ _ _ _ _ _ _ _ \n\nresponse = <Response [500]>, expected_status_code = 400\n\n    @staticmethod\n    @allure.step(\"Check status code is {expected_status_code}\")\n    def assert_code_status(response: Response, expected_status_code):\n>       assert response.status_code == expected_status_code, \\\n            f\"Unexpected status code! Expected: {expected_status_code}. Actual: {response.status_code}\"\nE       AssertionError: Unexpected status code! Expected: 400. Actual: 500\n\nlib/assertions.py:30: AssertionError"}, "steps": [{"name": "Create pet", "status": "passed", "steps": [{"name": "Prepare pet creation data", "status": "passed", "start": 1744657923355, "stop": 1744657923355}, {"name": "POST request to URL '/pet/'", "status": "passed", "start": 1744657923355, "stop": 1744657923361}], "start": 1744657923355, "stop": 1744657923361}, {"name": "PUT request to URL '/pet/'", "status": "passed", "start": 1744657923361, "stop": 1744657923372}, {"name": "Check status code is 400", "status": "failed", "statusDetails": {"message": "AssertionError: Unexpected status code! Expected: 400. Actual: 500\n", "trace": "  File \"/Users/miowch/.pyenv/versions/n26_nastia_kuzina/lib/python3.10/site-packages/allure_commons/_allure.py\", line 202, in impl\n    return func(*a, **kw)\n  File \"/Users/miowch/Documents/GitHub/nastia-kuzina/Task3/api-e2e-tests/lib/assertions.py\", line 30, in assert_code_status\n    assert response.status_code == expected_status_code, \\\n"}, "parameters": [{"name": "response", "value": "<Response [500]>"}, {"name": "expected_status_code", "value": "400"}], "start": 1744657923373, "stop": 1744657923373}], "parameters": [{"name": "absent_required_field", "value": "'id'"}], "start": 1744657923355, "stop": 1744657923373, "uuid": "dfba19fc-0a08-4d8b-bf69-f55f37a46700", "historyId": "185628e81b19a7be1a6dd32e3905b95a", "testCaseId": "a245e13ba6cdc8f1c4aea5d5ce6a8bf3", "fullName": "tests.test_update_pet.TestUpdatePet#test_update_pet_without_required_field", "labels": [{"name": "severity", "value": "critical"}, {"name": "parentSuite", "value": "tests"}, {"name": "suite", "value": "test_update_pet"}, {"name": "subSuite", "value": "TestUpdatePet"}, {"name": "host", "value": "iMac.local"}, {"name": "thread", "value": "58784-MainThread"}, {"name": "framework", "value": "pytest"}, {"name": "language", "value": "cpython3"}, {"name": "package", "value": "tests.test_update_pet"}]}