{"name": "Try to create pet with invalid parameter", "status": "failed", "statusDetails": {"message": "AssertionError: Unexpected status code! Expected: 405. Actual: 200", "trace": "self = <tests_project.tests.test_add_pet.TestAddPet object at 0x7f8321c60f30>\n\n    @allure.severity(allure.severity_level.CRITICAL)\n    @allure.title(\"Try to create pet with invalid parameter\")\n    def test_add_pet_with_invalid_parameter(self):\n        data = {\n            \"id\": random.randint(1, 1000),\n            \"name\": self.fake.first_name(),\n            \"owner\": self.fake.name()\n        }\n    \n        response = MyRequests.post(\n            \"/pet/\",\n            data)\n    \n>       Assertions.assert_code_status(response, 405)\n\ntests/test_add_pet.py:225: \n_ _ _ _ _ _ _ _ _ _ _ _ _ _ _ _ _ _ _ _ _ _ _ _ _ _ _ _ _ _ _ _ _ _ _ _ _ _ _ _ \n\nresponse = <Response [200]>, expected_status_code = 405\n\n    @staticmethod\n    @allure.step(\"Check status code is {expected_status_code}\")\n    def assert_code_status(response: Response, expected_status_code):\n>       assert response.status_code == expected_status_code, \\\n            f\"Unexpected status code! Expected: {expected_status_code}. Actual: {response.status_code}\"\nE       AssertionError: Unexpected status code! Expected: 405. Actual: 200\n\nlib/assertions.py:30: AssertionError"}, "steps": [{"name": "POST request to URL '/pet/'", "status": "passed", "start": 1744662020671, "stop": 1744662020679}, {"name": "Check status code is 405", "status": "failed", "statusDetails": {"message": "AssertionError: Unexpected status code! Expected: 405. Actual: 200\n", "trace": "  File \"/usr/local/lib/python3.13/site-packages/allure_commons/_allure.py\", line 202, in impl\n    return func(*a, **kw)\n  File \"/tests_project/lib/assertions.py\", line 30, in assert_code_status\n    assert response.status_code == expected_status_code, \\\n           ^^^^^^^^^^^^^^^^^^^^^^^^^^^^^^^^^^^^^^^^^^^^\n"}, "parameters": [{"name": "response", "value": "<Response [200]>"}, {"name": "expected_status_code", "value": "405"}], "start": 1744662020679, "stop": 1744662020679}], "start": 1744662020671, "stop": 1744662020680, "uuid": "ff9c66ca-92e6-490c-b7cc-bbc15bd4ca69", "historyId": "627991423627d15444edf0fd4336b824", "testCaseId": "627991423627d15444edf0fd4336b824", "fullName": "tests.test_add_pet.TestAddPet#test_add_pet_with_invalid_parameter", "labels": [{"name": "severity", "value": "critical"}, {"name": "parentSuite", "value": "tests"}, {"name": "suite", "value": "test_add_pet"}, {"name": "subSuite", "value": "TestAddPet"}, {"name": "host", "value": "4c2631702ffc"}, {"name": "thread", "value": "7-MainThread"}, {"name": "framework", "value": "pytest"}, {"name": "language", "value": "cpython3"}, {"name": "package", "value": "tests.test_add_pet"}]}