{"name": "Find pets by tag", "status": "failed", "statusDetails": {"message": "AssertionError: Unexpected status code! Expected: 200. Actual: 500", "trace": "self = <tests.test_find_by_tag.TestFindByTag object at 0x1062c5540>\n\n    @allure.severity(allure.severity_level.NORMAL)\n    @allure.title(\"Find pets by tag\")\n    def test_find_pets_by_tag(self):\n        pet = self.create_pet()\n        pet_id = self.get_json_value(pet, \"id\")\n        pet_tag = self.get_json_value(pet, \"tags\")\n    \n        response = MyRequests.get(f\"/pet/findByTags?tags={pet_tag[0]}\")\n    \n>       Assertions.assert_code_status(response, 200)\n\ntests/test_find_by_tag.py:19: \n_ _ _ _ _ _ _ _ _ _ _ _ _ _ _ _ _ _ _ _ _ _ _ _ _ _ _ _ _ _ _ _ _ _ _ _ _ _ _ _ _ _ _ _ _ _ _ _ _ _ _ _ _ _ _ _ _ _ _ _ _ _ _ _ _ _ _ _ _ _ _ _ _ _ _ _ _ _ _ _ _ _ _ _ _ _ _ _ _ _ _ _ _ _ _ _ _ _ _ _ _ _ _ _ _ _ _ _ _ _ _ _ _ _ _ _ _ _ _ _ _ _ _ _ _ _ _ _ _ _ _ _ _ _ _ _ _ _ _ _ _ _ _ _ _ _ _ _ _ _ _ _ \n\nresponse = <Response [500]>, expected_status_code = 200\n\n    @staticmethod\n    @allure.step(\"Check status code is {expected_status_code}\")\n    def assert_code_status(response: Response, expected_status_code):\n>       assert response.status_code == expected_status_code, \\\n            f\"Unexpected status code! Expected: {expected_status_code}. Actual: {response.status_code}\"\nE       AssertionError: Unexpected status code! Expected: 200. Actual: 500\n\nlib/assertions.py:30: AssertionError"}, "steps": [{"name": "Create pet", "status": "passed", "steps": [{"name": "Prepare pet creation data", "status": "passed", "start": 1744657923206, "stop": 1744657923206}, {"name": "POST request to URL '/pet/'", "status": "passed", "start": 1744657923206, "stop": 1744657923213}], "start": 1744657923206, "stop": 1744657923213}, {"name": "GET request to URL '/pet/findByTags?tags=name'", "status": "passed", "start": 1744657923213, "stop": 1744657923224}, {"name": "Check status code is 200", "status": "failed", "statusDetails": {"message": "AssertionError: Unexpected status code! Expected: 200. Actual: 500\n", "trace": "  File \"/Users/miowch/.pyenv/versions/n26_nastia_kuzina/lib/python3.10/site-packages/allure_commons/_allure.py\", line 202, in impl\n    return func(*a, **kw)\n  File \"/Users/miowch/Documents/GitHub/nastia-kuzina/Task3/api-e2e-tests/lib/assertions.py\", line 30, in assert_code_status\n    assert response.status_code == expected_status_code, \\\n"}, "parameters": [{"name": "response", "value": "<Response [500]>"}, {"name": "expected_status_code", "value": "200"}], "start": 1744657923224, "stop": 1744657923224}], "start": 1744657923206, "stop": 1744657923224, "uuid": "7756d4c7-c0a5-480a-a924-c5e993eb97d2", "historyId": "a1007d38083e5df601ee317739f4e322", "testCaseId": "a1007d38083e5df601ee317739f4e322", "fullName": "tests.test_find_by_tag.TestFindByTag#test_find_pets_by_tag", "labels": [{"name": "severity", "value": "normal"}, {"name": "parentSuite", "value": "tests"}, {"name": "suite", "value": "test_find_by_tag"}, {"name": "subSuite", "value": "TestFindByTag"}, {"name": "host", "value": "iMac.local"}, {"name": "thread", "value": "58784-MainThread"}, {"name": "framework", "value": "pytest"}, {"name": "language", "value": "cpython3"}, {"name": "package", "value": "tests.test_find_by_tag"}]}