{"name": "Try to create pet without already existing ID", "status": "failed", "statusDetails": {"message": "AssertionError: Unexpected status code! Expected: 400. Actual: 200", "trace": "self = <tests_project.tests.test_add_pet.TestAddPet object at 0x7f8321c5c5f0>\n\n    @allure.severity(allure.severity_level.BLOCKER)\n    @allure.title(\"Try to create pet without already existing ID\")\n    def test_add_pet_with_existing_id(self):\n        response1 = self.create_pet()\n        existing_id = self.get_json_value(response1, \"id\")\n    \n        new_pet_data2 = {\n            \"id\": existing_id,\n            \"name\": self.fake.first_name(),\n            \"photoUrls\": [\"string\"]\n        }\n    \n        response2 = MyRequests.post(\n            \"/pet/\",\n            data=new_pet_data2)\n    \n>       Assertions.assert_code_status(response2, 400)\n\ntests/test_add_pet.py:136: \n_ _ _ _ _ _ _ _ _ _ _ _ _ _ _ _ _ _ _ _ _ _ _ _ _ _ _ _ _ _ _ _ _ _ _ _ _ _ _ _ \n\nresponse = <Response [200]>, expected_status_code = 400\n\n    @staticmethod\n    @allure.step(\"Check status code is {expected_status_code}\")\n    def assert_code_status(response: Response, expected_status_code):\n>       assert response.status_code == expected_status_code, \\\n            f\"Unexpected status code! Expected: {expected_status_code}. Actual: {response.status_code}\"\nE       AssertionError: Unexpected status code! Expected: 400. Actual: 200\n\nlib/assertions.py:30: AssertionError"}, "steps": [{"name": "Create pet", "status": "passed", "steps": [{"name": "Prepare pet creation data", "status": "passed", "start": 1744662020497, "stop": 1744662020497}, {"name": "POST request to URL '/pet/'", "status": "passed", "start": 1744662020497, "stop": 1744662020507}], "start": 1744662020497, "stop": 1744662020507}, {"name": "POST request to URL '/pet/'", "status": "passed", "start": 1744662020507, "stop": 1744662020516}, {"name": "Check status code is 400", "status": "failed", "statusDetails": {"message": "AssertionError: Unexpected status code! Expected: 400. Actual: 200\n", "trace": "  File \"/usr/local/lib/python3.13/site-packages/allure_commons/_allure.py\", line 202, in impl\n    return func(*a, **kw)\n  File \"/tests_project/lib/assertions.py\", line 30, in assert_code_status\n    assert response.status_code == expected_status_code, \\\n           ^^^^^^^^^^^^^^^^^^^^^^^^^^^^^^^^^^^^^^^^^^^^\n"}, "parameters": [{"name": "response", "value": "<Response [200]>"}, {"name": "expected_status_code", "value": "400"}], "start": 1744662020516, "stop": 1744662020516}], "start": 1744662020497, "stop": 1744662020517, "uuid": "3df6b9e3-35f7-48d4-ad49-cb1589cc267c", "historyId": "f5e41ba30166d983f01c80bc81a0ded9", "testCaseId": "f5e41ba30166d983f01c80bc81a0ded9", "fullName": "tests.test_add_pet.TestAddPet#test_add_pet_with_existing_id", "labels": [{"name": "severity", "value": "blocker"}, {"name": "parentSuite", "value": "tests"}, {"name": "suite", "value": "test_add_pet"}, {"name": "subSuite", "value": "TestAddPet"}, {"name": "host", "value": "4c2631702ffc"}, {"name": "thread", "value": "7-MainThread"}, {"name": "framework", "value": "pytest"}, {"name": "language", "value": "cpython3"}, {"name": "package", "value": "tests.test_add_pet"}]}