{"name": "Try to update pet without required field name", "status": "failed", "statusDetails": {"message": "AssertionError: Unexpected status code! Expected: 400. Actual: 200", "trace": "self = <tests_project.tests.test_update_pet.TestUpdatePet object at 0x7f8321dce190>\nabsent_required_field = 'name'\n\n    @allure.severity(allure.severity_level.CRITICAL)\n    @allure.title(\"Try to update pet without required field {absent_required_field}\")\n    @pytest.mark.parametrize(\"absent_required_field\", absent_required_fields)\n    def test_update_pet_without_required_field(self, absent_required_field):\n        pet = self.create_pet()\n        pet_id = self.get_json_value(pet, \"id\")\n    \n        new_data = {\n            \"id\": pet_id,\n            \"name\": self.fake.first_name(),\n            \"photoUrls\": [\"gewd_boy.png\"]\n        }\n        new_data.pop(absent_required_field)\n    \n        response = MyRequests.put(\n            \"/pet/\",\n            new_data)\n    \n>       Assertions.assert_code_status(response, 400)\n\ntests/test_update_pet.py:85: \n_ _ _ _ _ _ _ _ _ _ _ _ _ _ _ _ _ _ _ _ _ _ _ _ _ _ _ _ _ _ _ _ _ _ _ _ _ _ _ _ \n\nresponse = <Response [200]>, expected_status_code = 400\n\n    @staticmethod\n    @allure.step(\"Check status code is {expected_status_code}\")\n    def assert_code_status(response: Response, expected_status_code):\n>       assert response.status_code == expected_status_code, \\\n            f\"Unexpected status code! Expected: {expected_status_code}. Actual: {response.status_code}\"\nE       AssertionError: Unexpected status code! Expected: 400. Actual: 200\n\nlib/assertions.py:30: AssertionError"}, "steps": [{"name": "Create pet", "status": "passed", "steps": [{"name": "Prepare pet creation data", "status": "passed", "start": 1744662021093, "stop": 1744662021093}, {"name": "POST request to URL '/pet/'", "status": "passed", "start": 1744662021093, "stop": 1744662021103}], "start": 1744662021093, "stop": 1744662021103}, {"name": "PUT request to URL '/pet/'", "status": "passed", "start": 1744662021103, "stop": 1744662021111}, {"name": "Check status code is 400", "status": "failed", "statusDetails": {"message": "AssertionError: Unexpected status code! Expected: 400. Actual: 200\n", "trace": "  File \"/usr/local/lib/python3.13/site-packages/allure_commons/_allure.py\", line 202, in impl\n    return func(*a, **kw)\n  File \"/tests_project/lib/assertions.py\", line 30, in assert_code_status\n    assert response.status_code == expected_status_code, \\\n           ^^^^^^^^^^^^^^^^^^^^^^^^^^^^^^^^^^^^^^^^^^^^\n"}, "parameters": [{"name": "response", "value": "<Response [200]>"}, {"name": "expected_status_code", "value": "400"}], "start": 1744662021111, "stop": 1744662021112}], "parameters": [{"name": "absent_required_field", "value": "'name'"}], "start": 1744662021093, "stop": 1744662021112, "uuid": "47211a16-4ffa-4dac-aaeb-64d2d2c5bb3a", "historyId": "0d445f71ae42412418f12fbaa038ee5c", "testCaseId": "a245e13ba6cdc8f1c4aea5d5ce6a8bf3", "fullName": "tests.test_update_pet.TestUpdatePet#test_update_pet_without_required_field", "labels": [{"name": "severity", "value": "critical"}, {"name": "parentSuite", "value": "tests"}, {"name": "suite", "value": "test_update_pet"}, {"name": "subSuite", "value": "TestUpdatePet"}, {"name": "host", "value": "4c2631702ffc"}, {"name": "thread", "value": "7-MainThread"}, {"name": "framework", "value": "pytest"}, {"name": "language", "value": "cpython3"}, {"name": "package", "value": "tests.test_update_pet"}]}