{"name": "Try to create pet with invalid photoUrl", "status": "failed", "statusDetails": {"message": "AssertionError: Unexpected status code! Expected: 405. Actual: 200", "trace": "self = <tests_project.tests.test_add_pet.TestAddPet object at 0x7f8321c60c90>\n\n    @allure.severity(allure.severity_level.NORMAL)\n    @allure.title(\"Try to create pet with invalid photoUrl\")\n    def test_add_pet_with_invalid_photoUrls(self):\n        data = {\n            \"id\": random.randint(1, 1000),\n            \"name\": self.fake.first_name(),\n            \"photoUrls\": (\"string\", 2, 7)\n        }\n    \n        response = MyRequests.post(\n            \"/pet/\",\n            data)\n    \n>       Assertions.assert_code_status(response, 405)\n\ntests/test_add_pet.py:210: \n_ _ _ _ _ _ _ _ _ _ _ _ _ _ _ _ _ _ _ _ _ _ _ _ _ _ _ _ _ _ _ _ _ _ _ _ _ _ _ _ \n\nresponse = <Response [200]>, expected_status_code = 405\n\n    @staticmethod\n    @allure.step(\"Check status code is {expected_status_code}\")\n    def assert_code_status(response: Response, expected_status_code):\n>       assert response.status_code == expected_status_code, \\\n            f\"Unexpected status code! Expected: {expected_status_code}. Actual: {response.status_code}\"\nE       AssertionError: Unexpected status code! Expected: 405. Actual: 200\n\nlib/assertions.py:30: AssertionError"}, "steps": [{"name": "POST request to URL '/pet/'", "status": "passed", "start": 1744662020652, "stop": 1744662020662}, {"name": "Check status code is 405", "status": "failed", "statusDetails": {"message": "AssertionError: Unexpected status code! Expected: 405. Actual: 200\n", "trace": "  File \"/usr/local/lib/python3.13/site-packages/allure_commons/_allure.py\", line 202, in impl\n    return func(*a, **kw)\n  File \"/tests_project/lib/assertions.py\", line 30, in assert_code_status\n    assert response.status_code == expected_status_code, \\\n           ^^^^^^^^^^^^^^^^^^^^^^^^^^^^^^^^^^^^^^^^^^^^\n"}, "parameters": [{"name": "response", "value": "<Response [200]>"}, {"name": "expected_status_code", "value": "405"}], "start": 1744662020662, "stop": 1744662020662}], "start": 1744662020652, "stop": 1744662020663, "uuid": "842456f1-1d90-4366-85a9-cf6b457242b1", "historyId": "9623f5166529fc68fbec23c4c37a183f", "testCaseId": "9623f5166529fc68fbec23c4c37a183f", "fullName": "tests.test_add_pet.TestAddPet#test_add_pet_with_invalid_photoUrls", "labels": [{"name": "severity", "value": "normal"}, {"name": "parentSuite", "value": "tests"}, {"name": "suite", "value": "test_add_pet"}, {"name": "subSuite", "value": "TestAddPet"}, {"name": "host", "value": "4c2631702ffc"}, {"name": "thread", "value": "7-MainThread"}, {"name": "framework", "value": "pytest"}, {"name": "language", "value": "cpython3"}, {"name": "package", "value": "tests.test_add_pet"}]}