{"name": "Find pets by tag", "status": "failed", "statusDetails": {"message": "AssertionError: Unexpected status code! Expected: 200. Actual: 500", "trace": "self = <tests_project.tests.test_find_by_tag.TestFindByTag object at 0x7f8321bd5090>\n\n    @allure.severity(allure.severity_level.NORMAL)\n    @allure.title(\"Find pets by tag\")\n    def test_find_pets_by_tag(self):\n        pet = self.create_pet()\n        pet_id = self.get_json_value(pet, \"id\")\n        pet_tag = self.get_json_value(pet, \"tags\")\n    \n        response = MyRequests.get(f\"/pet/findByTags?tags={pet_tag[0]}\")\n    \n>       Assertions.assert_code_status(response, 200)\n\ntests/test_find_by_tag.py:19: \n_ _ _ _ _ _ _ _ _ _ _ _ _ _ _ _ _ _ _ _ _ _ _ _ _ _ _ _ _ _ _ _ _ _ _ _ _ _ _ _ \n\nresponse = <Response [500]>, expected_status_code = 200\n\n    @staticmethod\n    @allure.step(\"Check status code is {expected_status_code}\")\n    def assert_code_status(response: Response, expected_status_code):\n>       assert response.status_code == expected_status_code, \\\n            f\"Unexpected status code! Expected: {expected_status_code}. Actual: {response.status_code}\"\nE       AssertionError: Unexpected status code! Expected: 200. Actual: 500\n\nlib/assertions.py:30: AssertionError"}, "steps": [{"name": "Create pet", "status": "passed", "steps": [{"name": "Prepare pet creation data", "status": "passed", "start": 1744662020886, "stop": 1744662020886}, {"name": "POST request to URL '/pet/'", "status": "passed", "start": 1744662020886, "stop": 1744662020895}], "start": 1744662020886, "stop": 1744662020895}, {"name": "GET request to URL '/pet/findByTags?tags=name'", "status": "passed", "start": 1744662020895, "stop": 1744662020904}, {"name": "Check status code is 200", "status": "failed", "statusDetails": {"message": "AssertionError: Unexpected status code! Expected: 200. Actual: 500\n", "trace": "  File \"/usr/local/lib/python3.13/site-packages/allure_commons/_allure.py\", line 202, in impl\n    return func(*a, **kw)\n  File \"/tests_project/lib/assertions.py\", line 30, in assert_code_status\n    assert response.status_code == expected_status_code, \\\n           ^^^^^^^^^^^^^^^^^^^^^^^^^^^^^^^^^^^^^^^^^^^^\n"}, "parameters": [{"name": "response", "value": "<Response [500]>"}, {"name": "expected_status_code", "value": "200"}], "start": 1744662020904, "stop": 1744662020904}], "start": 1744662020886, "stop": 1744662020905, "uuid": "cc92f520-d846-4b8d-b65a-da494f973bcc", "historyId": "a1007d38083e5df601ee317739f4e322", "testCaseId": "a1007d38083e5df601ee317739f4e322", "fullName": "tests.test_find_by_tag.TestFindByTag#test_find_pets_by_tag", "labels": [{"name": "severity", "value": "normal"}, {"name": "parentSuite", "value": "tests"}, {"name": "suite", "value": "test_find_by_tag"}, {"name": "subSuite", "value": "TestFindByTag"}, {"name": "host", "value": "4c2631702ffc"}, {"name": "thread", "value": "7-MainThread"}, {"name": "framework", "value": "pytest"}, {"name": "language", "value": "cpython3"}, {"name": "package", "value": "tests.test_find_by_tag"}]}